<?xml version="1.0" encoding="UTF-8"?>
<!-- Generated by org.testng.reporters.JUnitReportReporter -->
<testsuite hostname="SeenaReddy" failures="0" tests="4" name="testNGScenarios.AnnotationDemo_1" time="0.011" errors="0" timestamp="2025-01-28T19:16:08 MST" skipped="0">
  <testcase classname="testNGScenarios.AnnotationDemo_1" name="hema" time="0.001"/>
  <testcase classname="testNGScenarios.AnnotationDemo_1" name="f" time="0.002"/>
  <testcase classname="testNGScenarios.AnnotationDemo_1" name="vivek" time="0.001"/>
  <testcase classname="testNGScenarios.AnnotationDemo_1" name="a" time="0.007"/>
</testsuite> <!-- testNGScenarios.AnnotationDemo_1 -->
