<?xml version="1.0" encoding="UTF-8"?>
<!-- Generated by org.testng.reporters.JUnitReportReporter -->
<testsuite hostname="SeenaReddy" failures="0" tests="1" name="testNGScenarios.OpensourcetestingLogin" time="8.719" errors="0" timestamp="2025-01-28T19:48:42 MST" skipped="0">
  <testcase classname="testNGScenarios.OpensourcetestingLogin" name="f" time="8.719"/>
</testsuite> <!-- testNGScenarios.OpensourcetestingLogin -->
