<?xml version="1.0" encoding="UTF-8"?>
<!-- Generated by org.testng.reporters.JUnitReportReporter -->
<testsuite hostname="SeenaReddy" failures="0" tests="1" name="testNGScenarios.Blazedemo" time="10.194" errors="0" timestamp="2025-01-28T19:54:24 MST" skipped="0">
  <testcase classname="testNGScenarios.Blazedemo" name="tc_01" time="10.194"/>
</testsuite> <!-- testNGScenarios.Blazedemo -->
