<?xml version="1.0" encoding="UTF-8"?>
<!-- Generated by org.testng.reporters.JUnitReportReporter -->
<testsuite hostname="SeenaReddy" failures="0" tests="2" name="testNGScenarios.AnnotationDemo_2" time="0.014" errors="0" timestamp="2025-01-28T19:26:27 MST" skipped="1">
  <testcase classname="testNGScenarios.AnnotationDemo_2" name="a" time="0.014"/>
  <testcase classname="testNGScenarios.AnnotationDemo_2" name="f">
    <skipped/>
  </testcase> <!-- f -->
</testsuite> <!-- testNGScenarios.AnnotationDemo_2 -->
